{"/Users/lillianaviquez/Sites/react-test/js/Search.js": {"path":"/Users/lillianaviquez/Sites/react-test/js/Search.js","statementMap":{"0":{"start":{"line":5,"column":15},"end":{"line":37,"column":2}},"1":{"start":{"line":7,"column":4},"end":{"line":9,"column":5}},"2":{"start":{"line":12,"column":4},"end":{"line":14,"column":6}},"3":{"start":{"line":17,"column":4},"end":{"line":35,"column":5}},"4":{"start":{"line":26,"column":14},"end":{"line":26,"column":120}},"5":{"start":{"line":29,"column":14},"end":{"line":31,"column":15}}},"fnMap":{"0":{"name":"(anonymous_0)","decl":{"start":{"line":25,"column":20},"end":{"line":25,"column":21}},"loc":{"start":{"line":25,"column":30},"end":{"line":27,"column":13}},"line":25},"1":{"name":"(anonymous_1)","decl":{"start":{"line":28,"column":17},"end":{"line":28,"column":18}},"loc":{"start":{"line":28,"column":27},"end":{"line":32,"column":13}},"line":28}},"branchMap":{},"s":{"0":1,"1":3,"2":1,"3":4,"4":84,"5":65},"f":{"0":84,"1":65},"b":{},"_coverageSchema":"332fd63041d2c1bcb487cc26dd0d5f7d97098a6c","hash":"d2bc37359e84855644d3ec922b43fd6ef4f4f0c3"}
,"/Users/lillianaviquez/Sites/react-test/js/ShowCard.js": {"path":"/Users/lillianaviquez/Sites/react-test/js/ShowCard.js","statementMap":{"0":{"start":{"line":2,"column":17},"end":{"line":2,"column":32}},"1":{"start":{"line":4,"column":17},"end":{"line":24,"column":2}},"2":{"start":{"line":12,"column":49},"end":{"line":12,"column":59}},"3":{"start":{"line":13,"column":4},"end":{"line":22,"column":5}}},"fnMap":{},"branchMap":{},"s":{"0":1,"1":1,"2":0,"3":0},"f":{},"b":{},"_coverageSchema":"332fd63041d2c1bcb487cc26dd0d5f7d97098a6c","hash":"47e4feb6838e180f562bc4cfe2bc93704d3df147"}
}
